# JRE version: OpenJDK Runtime Environment (11.0.15+10) (build 11.0.15+10-post-Raspbian-1deb11u1)
# Java VM: OpenJDK Server VM (11.0.15+10-post-Raspbian-1deb11u1, mixed mode, g1 gc, linux-)
Heap:
 garbage-first heap   total 210944K, used 197121K [0x73a00000, 0xb3a00000)
  region size 1024K, 2 young (2048K), 1 survivors (1024K)
 Metaspace       used 14728K, capacity 15005K, committed 15128K, reserved 15664K
GC Heap History (20 events):
Event: 21.170 GC heap before
{Heap before GC invocations=82 (full 0):
 garbage-first heap   total 197632K, used 195516K [0x73a00000, 0xb3a00000)
  region size 1024K, 4 young (4096K), 1 survivors (1024K)
 Metaspace       used 11934K, capacity 12159K, committed 12184K, reserved 12592K
}
Event: 21.175 GC heap after
{Heap after GC invocations=83 (full 0):
 garbage-first heap   total 198656K, used 193818K [0x73a00000, 0xb3a00000)
  region size 1024K, 1 young (1024K), 1 survivors (1024K)
 Metaspace       used 11934K, capacity 12159K, committed 12184K, reserved 12592K
}
Event: 21.560 GC heap before
{Heap before GC invocations=83 (full 0):
 garbage-first heap   total 198656K, used 197914K [0x73a00000, 0xb3a00000)
  region size 1024K, 5 young (5120K), 1 survivors (1024K)
 Metaspace       used 11968K, capacity 12159K, committed 12184K, reserved 12592K
}
Event: 21.566 GC heap after
{Heap after GC invocations=84 (full 0):
 garbage-first heap   total 199680K, used 193923K [0x73a00000, 0xb3a00000)
  region size 1024K, 1 young (1024K), 1 survivors (1024K)
 Metaspace       used 11968K, capacity 12159K, committed 12184K, reserved 12592K
}
Event: 21.687 GC heap before
{Heap before GC invocations=85 (full 0):
 garbage-first heap   total 199680K, used 199043K [0x73a00000, 0xb3a00000)
  region size 1024K, 6 young (6144K), 1 survivors (1024K)
 Metaspace       used 11968K, capacity 12159K, committed 12184K, reserved 12592K
}
Event: 21.691 GC heap after
{Heap after GC invocations=86 (full 0):
 garbage-first heap   total 200704K, used 193921K [0x73a00000, 0xb3a00000)
  region size 1024K, 1 young (1024K), 1 survivors (1024K)
 Metaspace       used 11968K, capacity 12159K, committed 12184K, reserved 12592K
}
Event: 21.786 GC heap before
{Heap before GC invocations=86 (full 0):
 garbage-first heap   total 200704K, used 200065K [0x73a00000, 0xb3a00000)
  region size 1024K, 7 young (7168K), 1 survivors (1024K)
 Metaspace       used 11968K, capacity 12159K, committed 12184K, reserved 12592K
}
Event: 21.792 GC heap after
{Heap after GC invocations=87 (full 0):
 garbage-first heap   total 201728K, used 193922K [0x73a00000, 0xb3a00000)
  region size 1024K, 1 young (1024K), 1 survivors (1024K)
 Metaspace       used 11968K, capacity 12159K, committed 12184K, reserved 12592K
}
Event: 23.510 GC heap before
{Heap before GC invocations=88 (full 0):
 garbage-first heap   total 201728K, used 201090K [0x73a00000, 0xb3a00000)
  region size 1024K, 8 young (8192K), 1 survivors (1024K)
 Metaspace       used 13492K, capacity 13719K, committed 13720K, reserved 14640K
}
Event: 23.530 GC heap after
{Heap after GC invocations=89 (full 0):
 garbage-first heap   total 203776K, used 194252K [0x73a00000, 0xb3a00000)
  region size 1024K, 2 young (2048K), 2 survivors (2048K)
 Metaspace       used 13492K, capacity 13719K, committed 13720K, reserved 14640K
}
Event: 25.344 GC heap before
{Heap before GC invocations=89 (full 0):
 garbage-first heap   total 203776K, used 201420K [0x73a00000, 0xb3a00000)
  region size 1024K, 9 young (9216K), 2 survivors (2048K)
 Metaspace       used 13905K, capacity 14165K, committed 14232K, reserved 14640K
}
Event: 25.385 GC heap after
{Heap after GC invocations=90 (full 0):
 garbage-first heap   total 205824K, used 195904K [0x73a00000, 0xb3a00000)
  region size 1024K, 2 young (2048K), 2 survivors (2048K)
 Metaspace       used 13905K, capacity 14165K, committed 14232K, reserved 14640K
}
Event: 26.884 GC heap before
{Heap before GC invocations=91 (full 0):
 garbage-first heap   total 205824K, used 204096K [0x73a00000, 0xb3a00000)
  region size 1024K, 10 young (10240K), 2 survivors (2048K)
 Metaspace       used 13939K, capacity 14197K, committed 14232K, reserved 14640K
}
Event: 26.916 GC heap after
{Heap after GC invocations=92 (full 0):
 garbage-first heap   total 208896K, used 197836K [0x73a00000, 0xb3a00000)
  region size 1024K, 2 young (2048K), 2 survivors (2048K)
 Metaspace       used 13939K, capacity 14197K, committed 14232K, reserved 14640K
}
Event: 44.882 GC heap before
{Heap before GC invocations=92 (full 0):
 garbage-first heap   total 208896K, used 205004K [0x73a00000, 0xb3a00000)
  region size 1024K, 10 young (10240K), 2 survivors (2048K)
 Metaspace       used 14571K, capacity 14809K, committed 14872K, reserved 15664K
}
Event: 44.901 GC heap after
{Heap after GC invocations=93 (full 0):
 garbage-first heap   total 210944K, used 199189K [0x73a00000, 0xb3a00000)
  region size 1024K, 2 young (2048K), 2 survivors (2048K)
 Metaspace       used 14571K, capacity 14809K, committed 14872K, reserved 15664K
}
Event: 55.807 GC heap before
{Heap before GC invocations=94 (full 0):
 garbage-first heap   total 210944K, used 204309K [0x73a00000, 0xb3a00000)
  region size 1024K, 10 young (10240K), 2 survivors (2048K)
 Metaspace       used 14646K, capacity 14905K, committed 15000K, reserved 15664K
}
Event: 55.819 GC heap after
{Heap after GC invocations=95 (full 0):
 garbage-first heap   total 210944K, used 197061K [0x73a00000, 0xb3a00000)
  region size 1024K, 1 young (1024K), 1 survivors (1024K)
 Metaspace       used 14646K, capacity 14905K, committed 15000K, reserved 15664K
}
Event: 72.812 GC heap before
{Heap before GC invocations=95 (full 0):
 garbage-first heap   total 210944K, used 205253K [0x73a00000, 0xb3a00000)
  region size 1024K, 10 young (10240K), 1 survivors (1024K)
 Metaspace       used 14676K, capacity 14937K, committed 15000K, reserved 15664K
}
Event: 72.817 GC heap after
{Heap after GC invocations=96 (full 0):
 garbage-first heap   total 210944K, used 197121K [0x73a00000, 0xb3a00000)
  region size 1024K, 1 young (1024K), 1 survivors (1024K)
 Metaspace       used 14676K, capacity 14937K, committed 15000K, reserved 15664K
}

