# JRE version: OpenJDK Runtime Environment (11.0.15+10) (build 11.0.15+10-post-Raspbian-1deb11u1)
# Java VM: OpenJDK Server VM (11.0.15+10-post-Raspbian-1deb11u1, mixed mode, g1 gc, linux-)
Heap:
 garbage-first heap   total 222208K, used 124695K [0x73a00000, 0xb3a00000)
  region size 1024K, 15 young (15360K), 1 survivors (1024K)
 Metaspace       used 15120K, capacity 15285K, committed 15896K, reserved 16688K
GC Heap History (20 events):
Event: 5794717.029 GC heap before
{Heap before GC invocations=1377 (full 0):
 garbage-first heap   total 222208K, used 197210K [0x73a00000, 0xb3a00000)
  region size 1024K, 86 young (88064K), 1 survivors (1024K)
 Metaspace       used 15061K, capacity 15209K, committed 15896K, reserved 16688K
}
Event: 5794717.058 GC heap after
{Heap after GC invocations=1378 (full 0):
 garbage-first heap   total 222208K, used 110172K [0x73a00000, 0xb3a00000)
  region size 1024K, 1 young (1024K), 1 survivors (1024K)
 Metaspace       used 15061K, capacity 15209K, committed 15896K, reserved 16688K
}
Event: 5801531.027 GC heap before
{Heap before GC invocations=1379 (full 0):
 garbage-first heap   total 222208K, used 197212K [0x73a00000, 0xb3a00000)
  region size 1024K, 86 young (88064K), 1 survivors (1024K)
 Metaspace       used 15061K, capacity 15209K, committed 15896K, reserved 16688K
}
Event: 5801531.055 GC heap after
{Heap after GC invocations=1380 (full 0):
 garbage-first heap   total 222208K, used 110172K [0x73a00000, 0xb3a00000)
  region size 1024K, 1 young (1024K), 1 survivors (1024K)
 Metaspace       used 15061K, capacity 15209K, committed 15896K, reserved 16688K
}
Event: 5808337.030 GC heap before
{Heap before GC invocations=1380 (full 0):
 garbage-first heap   total 222208K, used 197212K [0x73a00000, 0xb3a00000)
  region size 1024K, 86 young (88064K), 1 survivors (1024K)
 Metaspace       used 15061K, capacity 15209K, committed 15896K, reserved 16688K
}
Event: 5808337.058 GC heap after
{Heap after GC invocations=1381 (full 0):
 garbage-first heap   total 222208K, used 110172K [0x73a00000, 0xb3a00000)
  region size 1024K, 1 young (1024K), 1 survivors (1024K)
 Metaspace       used 15061K, capacity 15209K, committed 15896K, reserved 16688K
}
Event: 5815150.027 GC heap before
{Heap before GC invocations=1382 (full 0):
 garbage-first heap   total 222208K, used 197212K [0x73a00000, 0xb3a00000)
  region size 1024K, 86 young (88064K), 1 survivors (1024K)
 Metaspace       used 15061K, capacity 15209K, committed 15896K, reserved 16688K
}
Event: 5815150.054 GC heap after
{Heap after GC invocations=1383 (full 0):
 garbage-first heap   total 222208K, used 110168K [0x73a00000, 0xb3a00000)
  region size 1024K, 1 young (1024K), 1 survivors (1024K)
 Metaspace       used 15061K, capacity 15209K, committed 15896K, reserved 16688K
}
Event: 5821957.030 GC heap before
{Heap before GC invocations=1383 (full 0):
 garbage-first heap   total 222208K, used 197208K [0x73a00000, 0xb3a00000)
  region size 1024K, 86 young (88064K), 1 survivors (1024K)
 Metaspace       used 15061K, capacity 15209K, committed 15896K, reserved 16688K
}
Event: 5821957.059 GC heap after
{Heap after GC invocations=1384 (full 0):
 garbage-first heap   total 222208K, used 110180K [0x73a00000, 0xb3a00000)
  region size 1024K, 1 young (1024K), 1 survivors (1024K)
 Metaspace       used 15061K, capacity 15209K, committed 15896K, reserved 16688K
}
Event: 5828746.838 GC heap before
{Heap before GC invocations=1385 (full 0):
 garbage-first heap   total 222208K, used 197220K [0x73a00000, 0xb3a00000)
  region size 1024K, 86 young (88064K), 1 survivors (1024K)
 Metaspace       used 15061K, capacity 15209K, committed 15896K, reserved 16688K
}
Event: 5828746.870 GC heap after
{Heap after GC invocations=1386 (full 0):
 garbage-first heap   total 222208K, used 110196K [0x73a00000, 0xb3a00000)
  region size 1024K, 1 young (1024K), 1 survivors (1024K)
 Metaspace       used 15061K, capacity 15209K, committed 15896K, reserved 16688K
}
Event: 5835555.028 GC heap before
{Heap before GC invocations=1386 (full 0):
 garbage-first heap   total 222208K, used 197236K [0x73a00000, 0xb3a00000)
  region size 1024K, 86 young (88064K), 1 survivors (1024K)
 Metaspace       used 15061K, capacity 15209K, committed 15896K, reserved 16688K
}
Event: 5835555.061 GC heap after
{Heap after GC invocations=1387 (full 0):
 garbage-first heap   total 222208K, used 110180K [0x73a00000, 0xb3a00000)
  region size 1024K, 1 young (1024K), 1 survivors (1024K)
 Metaspace       used 15061K, capacity 15209K, committed 15896K, reserved 16688K
}
Event: 5842337.472 GC heap before
{Heap before GC invocations=1388 (full 0):
 garbage-first heap   total 222208K, used 197220K [0x73a00000, 0xb3a00000)
  region size 1024K, 86 young (88064K), 1 survivors (1024K)
 Metaspace       used 15061K, capacity 15209K, committed 15896K, reserved 16688K
}
Event: 5842337.506 GC heap after
{Heap after GC invocations=1389 (full 0):
 garbage-first heap   total 222208K, used 110178K [0x73a00000, 0xb3a00000)
  region size 1024K, 1 young (1024K), 1 survivors (1024K)
 Metaspace       used 15061K, capacity 15209K, committed 15896K, reserved 16688K
}
Event: 5849137.031 GC heap before
{Heap before GC invocations=1389 (full 0):
 garbage-first heap   total 222208K, used 197218K [0x73a00000, 0xb3a00000)
  region size 1024K, 86 young (88064K), 1 survivors (1024K)
 Metaspace       used 15061K, capacity 15209K, committed 15896K, reserved 16688K
}
Event: 5849137.060 GC heap after
{Heap after GC invocations=1390 (full 0):
 garbage-first heap   total 222208K, used 110180K [0x73a00000, 0xb3a00000)
  region size 1024K, 1 young (1024K), 1 survivors (1024K)
 Metaspace       used 15061K, capacity 15209K, committed 15896K, reserved 16688K
}
Event: 5854868.445 GC heap before
{Heap before GC invocations=1391 (full 0):
 garbage-first heap   total 222208K, used 189028K [0x73a00000, 0xb3a00000)
  region size 1024K, 79 young (80896K), 1 survivors (1024K)
 Metaspace       used 15069K, capacity 15213K, committed 15896K, reserved 16688K
}
Event: 5854868.452 GC heap after
{Heap after GC invocations=1392 (full 0):
 garbage-first heap   total 222208K, used 110359K [0x73a00000, 0xb3a00000)
  region size 1024K, 1 young (1024K), 1 survivors (1024K)
 Metaspace       used 15069K, capacity 15213K, committed 15896K, reserved 16688K
}

