# JRE version: OpenJDK Runtime Environment (11.0.15+10) (build 11.0.15+10-post-Raspbian-1deb11u1)
# Java VM: OpenJDK Server VM (11.0.15+10-post-Raspbian-1deb11u1, mixed mode, g1 gc, linux-)
Heap:
 garbage-first heap   total 222208K, used 203080K [0x73a00000, 0xb3a00000)
  region size 1024K, 7 young (7168K), 2 survivors (2048K)
 Metaspace       used 14794K, capacity 15039K, committed 15128K, reserved 15664K
GC Heap History (20 events):
Event: 8.078 GC heap before
{Heap before GC invocations=81 (full 0):
 garbage-first heap   total 202752K, used 201888K [0x73a00000, 0xb3a00000)
  region size 1024K, 8 young (8192K), 1 survivors (1024K)
 Metaspace       used 12132K, capacity 12324K, committed 12440K, reserved 12592K
}
Event: 8.083 GC heap after
{Heap after GC invocations=82 (full 0):
 garbage-first heap   total 203776K, used 194624K [0x73a00000, 0xb3a00000)
  region size 1024K, 1 young (1024K), 1 survivors (1024K)
 Metaspace       used 12132K, capacity 12324K, committed 12440K, reserved 12592K
}
Event: 8.127 GC heap before
{Heap before GC invocations=82 (full 0):
 garbage-first heap   total 203776K, used 202816K [0x73a00000, 0xb3a00000)
  region size 1024K, 9 young (9216K), 1 survivors (1024K)
 Metaspace       used 12132K, capacity 12324K, committed 12440K, reserved 12592K
}
Event: 8.130 GC heap after
{Heap after GC invocations=83 (full 0):
 garbage-first heap   total 205824K, used 194618K [0x73a00000, 0xb3a00000)
  region size 1024K, 1 young (1024K), 1 survivors (1024K)
 Metaspace       used 12132K, capacity 12324K, committed 12440K, reserved 12592K
}
Event: 8.197 GC heap before
{Heap before GC invocations=84 (full 0):
 garbage-first heap   total 205824K, used 203834K [0x73a00000, 0xb3a00000)
  region size 1024K, 10 young (10240K), 1 survivors (1024K)
 Metaspace       used 12132K, capacity 12324K, committed 12440K, reserved 12592K
}
Event: 8.199 GC heap after
{Heap after GC invocations=85 (full 0):
 garbage-first heap   total 205824K, used 194616K [0x73a00000, 0xb3a00000)
  region size 1024K, 1 young (1024K), 1 survivors (1024K)
 Metaspace       used 12132K, capacity 12324K, committed 12440K, reserved 12592K
}
Event: 8.248 GC heap before
{Heap before GC invocations=85 (full 0):
 garbage-first heap   total 205824K, used 203832K [0x73a00000, 0xb3a00000)
  region size 1024K, 10 young (10240K), 1 survivors (1024K)
 Metaspace       used 12132K, capacity 12324K, committed 12440K, reserved 12592K
}
Event: 8.251 GC heap after
{Heap after GC invocations=86 (full 0):
 garbage-first heap   total 205824K, used 194613K [0x73a00000, 0xb3a00000)
  region size 1024K, 1 young (1024K), 1 survivors (1024K)
 Metaspace       used 12132K, capacity 12324K, committed 12440K, reserved 12592K
}
Event: 8.303 GC heap before
{Heap before GC invocations=87 (full 0):
 garbage-first heap   total 205824K, used 203829K [0x73a00000, 0xb3a00000)
  region size 1024K, 10 young (10240K), 1 survivors (1024K)
 Metaspace       used 12132K, capacity 12324K, committed 12440K, reserved 12592K
}
Event: 8.305 GC heap after
{Heap after GC invocations=88 (full 0):
 garbage-first heap   total 205824K, used 194617K [0x73a00000, 0xb3a00000)
  region size 1024K, 1 young (1024K), 1 survivors (1024K)
 Metaspace       used 12132K, capacity 12324K, committed 12440K, reserved 12592K
}
Event: 8.353 GC heap before
{Heap before GC invocations=88 (full 0):
 garbage-first heap   total 205824K, used 203833K [0x73a00000, 0xb3a00000)
  region size 1024K, 10 young (10240K), 1 survivors (1024K)
 Metaspace       used 12132K, capacity 12324K, committed 12440K, reserved 12592K
}
Event: 8.356 GC heap after
{Heap after GC invocations=89 (full 0):
 garbage-first heap   total 205824K, used 194616K [0x73a00000, 0xb3a00000)
  region size 1024K, 1 young (1024K), 1 survivors (1024K)
 Metaspace       used 12132K, capacity 12324K, committed 12440K, reserved 12592K
}
Event: 8.408 GC heap before
{Heap before GC invocations=90 (full 0):
 garbage-first heap   total 205824K, used 203832K [0x73a00000, 0xb3a00000)
  region size 1024K, 10 young (10240K), 1 survivors (1024K)
 Metaspace       used 12132K, capacity 12324K, committed 12440K, reserved 12592K
}
Event: 8.410 GC heap after
{Heap after GC invocations=91 (full 0):
 garbage-first heap   total 205824K, used 194613K [0x73a00000, 0xb3a00000)
  region size 1024K, 1 young (1024K), 1 survivors (1024K)
 Metaspace       used 12132K, capacity 12324K, committed 12440K, reserved 12592K
}
Event: 9.369 GC heap before
{Heap before GC invocations=91 (full 0):
 garbage-first heap   total 205824K, used 203829K [0x73a00000, 0xb3a00000)
  region size 1024K, 10 young (10240K), 1 survivors (1024K)
 Metaspace       used 13859K, capacity 14136K, committed 14232K, reserved 14640K
}
Event: 9.382 GC heap after
{Heap after GC invocations=92 (full 0):
 garbage-first heap   total 206848K, used 195525K [0x73a00000, 0xb3a00000)
  region size 1024K, 2 young (2048K), 2 survivors (2048K)
 Metaspace       used 13859K, capacity 14136K, committed 14232K, reserved 14640K
}
Event: 10.174 GC heap before
{Heap before GC invocations=93 (full 0):
 garbage-first heap   total 206848K, used 203717K [0x73a00000, 0xb3a00000)
  region size 1024K, 10 young (10240K), 2 survivors (2048K)
 Metaspace       used 14100K, capacity 14360K, committed 14488K, reserved 14640K
}
Event: 10.189 GC heap after
{Heap after GC invocations=94 (full 0):
 garbage-first heap   total 207872K, used 197350K [0x73a00000, 0xb3a00000)
  region size 1024K, 2 young (2048K), 2 survivors (2048K)
 Metaspace       used 14100K, capacity 14360K, committed 14488K, reserved 14640K
}
Event: 11.378 GC heap before
{Heap before GC invocations=94 (full 0):
 garbage-first heap   total 207872K, used 205542K [0x73a00000, 0xb3a00000)
  region size 1024K, 10 young (10240K), 2 survivors (2048K)
 Metaspace       used 14394K, capacity 14650K, committed 14744K, reserved 15664K
}
Event: 11.407 GC heap after
{Heap after GC invocations=95 (full 0):
 garbage-first heap   total 222208K, used 198984K [0x73a00000, 0xb3a00000)
  region size 1024K, 2 young (2048K), 2 survivors (2048K)
 Metaspace       used 14394K, capacity 14650K, committed 14744K, reserved 15664K
}

