# JRE version: OpenJDK Runtime Environment (11.0.15+10) (build 11.0.15+10-post-Raspbian-1deb11u1)
# Java VM: OpenJDK Server VM (11.0.15+10-post-Raspbian-1deb11u1, mixed mode, g1 gc, linux-)
Heap:
 garbage-first heap   total 209920K, used 207264K [0x73a00000, 0xb3a00000)
  region size 1024K, 10 young (10240K), 1 survivors (1024K)
 Metaspace       used 14511K, capacity 14781K, committed 14872K, reserved 15664K
GC Heap History (20 events):
Event: 16.019 GC heap before
{Heap before GC invocations=90 (full 0):
 garbage-first heap   total 204800K, used 203870K [0x73a00000, 0xb3a00000)
  region size 1024K, 10 young (10240K), 1 survivors (1024K)
 Metaspace       used 11971K, capacity 12158K, committed 12184K, reserved 12592K
}
Event: 16.022 GC heap after
{Heap after GC invocations=91 (full 0):
 garbage-first heap   total 205824K, used 194654K [0x73a00000, 0xb3a00000)
  region size 1024K, 1 young (1024K), 1 survivors (1024K)
 Metaspace       used 11971K, capacity 12158K, committed 12184K, reserved 12592K
}
Event: 16.077 GC heap before
{Heap before GC invocations=92 (full 0):
 garbage-first heap   total 205824K, used 203870K [0x73a00000, 0xb3a00000)
  region size 1024K, 10 young (10240K), 1 survivors (1024K)
 Metaspace       used 11971K, capacity 12158K, committed 12184K, reserved 12592K
}
Event: 16.078 GC heap after
{Heap after GC invocations=93 (full 0):
 garbage-first heap   total 205824K, used 194654K [0x73a00000, 0xb3a00000)
  region size 1024K, 1 young (1024K), 1 survivors (1024K)
 Metaspace       used 11971K, capacity 12158K, committed 12184K, reserved 12592K
}
Event: 16.127 GC heap before
{Heap before GC invocations=93 (full 0):
 garbage-first heap   total 205824K, used 203870K [0x73a00000, 0xb3a00000)
  region size 1024K, 10 young (10240K), 1 survivors (1024K)
 Metaspace       used 11971K, capacity 12158K, committed 12184K, reserved 12592K
}
Event: 16.130 GC heap after
{Heap after GC invocations=94 (full 0):
 garbage-first heap   total 205824K, used 194654K [0x73a00000, 0xb3a00000)
  region size 1024K, 1 young (1024K), 1 survivors (1024K)
 Metaspace       used 11971K, capacity 12158K, committed 12184K, reserved 12592K
}
Event: 16.184 GC heap before
{Heap before GC invocations=95 (full 0):
 garbage-first heap   total 205824K, used 203870K [0x73a00000, 0xb3a00000)
  region size 1024K, 10 young (10240K), 1 survivors (1024K)
 Metaspace       used 11971K, capacity 12158K, committed 12184K, reserved 12592K
}
Event: 16.190 GC heap after
{Heap after GC invocations=96 (full 0):
 garbage-first heap   total 205824K, used 194712K [0x73a00000, 0xb3a00000)
  region size 1024K, 1 young (1024K), 1 survivors (1024K)
 Metaspace       used 11971K, capacity 12158K, committed 12184K, reserved 12592K
}
Event: 16.239 GC heap before
{Heap before GC invocations=96 (full 0):
 garbage-first heap   total 205824K, used 203928K [0x73a00000, 0xb3a00000)
  region size 1024K, 10 young (10240K), 1 survivors (1024K)
 Metaspace       used 11971K, capacity 12158K, committed 12184K, reserved 12592K
}
Event: 16.241 GC heap after
{Heap after GC invocations=97 (full 0):
 garbage-first heap   total 205824K, used 194654K [0x73a00000, 0xb3a00000)
  region size 1024K, 1 young (1024K), 1 survivors (1024K)
 Metaspace       used 11971K, capacity 12158K, committed 12184K, reserved 12592K
}
Event: 17.142 GC heap before
{Heap before GC invocations=98 (full 0):
 garbage-first heap   total 205824K, used 203870K [0x73a00000, 0xb3a00000)
  region size 1024K, 10 young (10240K), 1 survivors (1024K)
 Metaspace       used 13541K, capacity 13790K, committed 13848K, reserved 14640K
}
Event: 17.158 GC heap after
{Heap after GC invocations=99 (full 0):
 garbage-first heap   total 207872K, used 195019K [0x73a00000, 0xb3a00000)
  region size 1024K, 2 young (2048K), 2 survivors (2048K)
 Metaspace       used 13541K, capacity 13790K, committed 13848K, reserved 14640K
}
Event: 19.985 GC heap before
{Heap before GC invocations=99 (full 0):
 garbage-first heap   total 207872K, used 203211K [0x73a00000, 0xb3a00000)
  region size 1024K, 10 young (10240K), 2 survivors (2048K)
 Metaspace       used 13934K, capacity 14194K, committed 14232K, reserved 14640K
}
Event: 19.998 GC heap after
{Heap after GC invocations=100 (full 0):
 garbage-first heap   total 207872K, used 196883K [0x73a00000, 0xb3a00000)
  region size 1024K, 2 young (2048K), 2 survivors (2048K)
 Metaspace       used 13934K, capacity 14194K, committed 14232K, reserved 14640K
}
Event: 23.430 GC heap before
{Heap before GC invocations=101 (full 0):
 garbage-first heap   total 207872K, used 205075K [0x73a00000, 0xb3a00000)
  region size 1024K, 10 young (10240K), 2 survivors (2048K)
 Metaspace       used 13955K, capacity 14226K, committed 14232K, reserved 14640K
}
Event: 23.446 GC heap after
{Heap after GC invocations=102 (full 0):
 garbage-first heap   total 209920K, used 198668K [0x73a00000, 0xb3a00000)
  region size 1024K, 2 young (2048K), 2 survivors (2048K)
 Metaspace       used 13955K, capacity 14226K, committed 14232K, reserved 14640K
}
Event: 131.285 GC heap before
{Heap before GC invocations=102 (full 0):
 garbage-first heap   total 209920K, used 206860K [0x73a00000, 0xb3a00000)
  region size 1024K, 10 young (10240K), 2 survivors (2048K)
 Metaspace       used 14315K, capacity 14582K, committed 14616K, reserved 14640K
}
Event: 131.298 GC heap after
{Heap after GC invocations=103 (full 0):
 garbage-first heap   total 209920K, used 199088K [0x73a00000, 0xb3a00000)
  region size 1024K, 1 young (1024K), 1 survivors (1024K)
 Metaspace       used 14315K, capacity 14582K, committed 14616K, reserved 14640K
}
Event: 358.174 GC heap before
{Heap before GC invocations=104 (full 0):
 garbage-first heap   total 209920K, used 208304K [0x73a00000, 0xb3a00000)
  region size 1024K, 10 young (10240K), 1 survivors (1024K)
 Metaspace       used 14369K, capacity 14614K, committed 14744K, reserved 15664K
}
Event: 358.180 GC heap after
{Heap after GC invocations=105 (full 0):
 garbage-first heap   total 209920K, used 199072K [0x73a00000, 0xb3a00000)
  region size 1024K, 1 young (1024K), 1 survivors (1024K)
 Metaspace       used 14369K, capacity 14614K, committed 14744K, reserved 15664K
}

