# JRE version: OpenJDK Runtime Environment (11.0.15+10) (build 11.0.15+10-post-Raspbian-1deb11u1)
# Java VM: OpenJDK Server VM (11.0.15+10-post-Raspbian-1deb11u1, mixed mode, g1 gc, linux-)
Heap:
 garbage-first heap   total 210944K, used 199162K [0x73a00000, 0xb3a00000)
  region size 1024K, 4 young (4096K), 1 survivors (1024K)
 Metaspace       used 14807K, capacity 15069K, committed 15128K, reserved 15664K
GC Heap History (20 events):
Event: 8.305 GC heap before
{Heap before GC invocations=91 (full 0):
 garbage-first heap   total 205824K, used 203738K [0x73a00000, 0xb3a00000)
  region size 1024K, 10 young (10240K), 1 survivors (1024K)
 Metaspace       used 11974K, capacity 12159K, committed 12184K, reserved 12592K
}
Event: 8.307 GC heap after
{Heap after GC invocations=92 (full 0):
 garbage-first heap   total 205824K, used 194521K [0x73a00000, 0xb3a00000)
  region size 1024K, 1 young (1024K), 1 survivors (1024K)
 Metaspace       used 11974K, capacity 12159K, committed 12184K, reserved 12592K
}
Event: 8.360 GC heap before
{Heap before GC invocations=93 (full 0):
 garbage-first heap   total 205824K, used 203737K [0x73a00000, 0xb3a00000)
  region size 1024K, 10 young (10240K), 1 survivors (1024K)
 Metaspace       used 11974K, capacity 12159K, committed 12184K, reserved 12592K
}
Event: 8.362 GC heap after
{Heap after GC invocations=94 (full 0):
 garbage-first heap   total 205824K, used 194522K [0x73a00000, 0xb3a00000)
  region size 1024K, 1 young (1024K), 1 survivors (1024K)
 Metaspace       used 11974K, capacity 12159K, committed 12184K, reserved 12592K
}
Event: 8.410 GC heap before
{Heap before GC invocations=94 (full 0):
 garbage-first heap   total 205824K, used 203738K [0x73a00000, 0xb3a00000)
  region size 1024K, 10 young (10240K), 1 survivors (1024K)
 Metaspace       used 11974K, capacity 12159K, committed 12184K, reserved 12592K
}
Event: 8.412 GC heap after
{Heap after GC invocations=95 (full 0):
 garbage-first heap   total 205824K, used 194520K [0x73a00000, 0xb3a00000)
  region size 1024K, 1 young (1024K), 1 survivors (1024K)
 Metaspace       used 11974K, capacity 12159K, committed 12184K, reserved 12592K
}
Event: 8.465 GC heap before
{Heap before GC invocations=96 (full 0):
 garbage-first heap   total 205824K, used 203736K [0x73a00000, 0xb3a00000)
  region size 1024K, 10 young (10240K), 1 survivors (1024K)
 Metaspace       used 11974K, capacity 12159K, committed 12184K, reserved 12592K
}
Event: 8.467 GC heap after
{Heap after GC invocations=97 (full 0):
 garbage-first heap   total 205824K, used 194521K [0x73a00000, 0xb3a00000)
  region size 1024K, 1 young (1024K), 1 survivors (1024K)
 Metaspace       used 11974K, capacity 12159K, committed 12184K, reserved 12592K
}
Event: 8.515 GC heap before
{Heap before GC invocations=97 (full 0):
 garbage-first heap   total 205824K, used 203737K [0x73a00000, 0xb3a00000)
  region size 1024K, 10 young (10240K), 1 survivors (1024K)
 Metaspace       used 11974K, capacity 12159K, committed 12184K, reserved 12592K
}
Event: 8.521 GC heap after
{Heap after GC invocations=98 (full 0):
 garbage-first heap   total 205824K, used 194521K [0x73a00000, 0xb3a00000)
  region size 1024K, 1 young (1024K), 1 survivors (1024K)
 Metaspace       used 11974K, capacity 12159K, committed 12184K, reserved 12592K
}
Event: 9.662 GC heap before
{Heap before GC invocations=99 (full 0):
 garbage-first heap   total 205824K, used 203737K [0x73a00000, 0xb3a00000)
  region size 1024K, 10 young (10240K), 1 survivors (1024K)
 Metaspace       used 13797K, capacity 14067K, committed 14104K, reserved 14640K
}
Event: 9.672 GC heap after
{Heap after GC invocations=100 (full 0):
 garbage-first heap   total 207872K, used 195526K [0x73a00000, 0xb3a00000)
  region size 1024K, 2 young (2048K), 2 survivors (2048K)
 Metaspace       used 13797K, capacity 14067K, committed 14104K, reserved 14640K
}
Event: 10.362 GC heap before
{Heap before GC invocations=100 (full 0):
 garbage-first heap   total 207872K, used 203718K [0x73a00000, 0xb3a00000)
  region size 1024K, 10 young (10240K), 2 survivors (2048K)
 Metaspace       used 13947K, capacity 14195K, committed 14232K, reserved 14640K
}
Event: 10.373 GC heap after
{Heap after GC invocations=101 (full 0):
 garbage-first heap   total 207872K, used 197365K [0x73a00000, 0xb3a00000)
  region size 1024K, 2 young (2048K), 2 survivors (2048K)
 Metaspace       used 13947K, capacity 14195K, committed 14232K, reserved 14640K
}
Event: 11.654 GC heap before
{Heap before GC invocations=102 (full 0):
 garbage-first heap   total 207872K, used 205557K [0x73a00000, 0xb3a00000)
  region size 1024K, 10 young (10240K), 2 survivors (2048K)
 Metaspace       used 14244K, capacity 14517K, committed 14616K, reserved 14640K
}
Event: 11.678 GC heap after
{Heap after GC invocations=103 (full 0):
 garbage-first heap   total 209920K, used 198929K [0x73a00000, 0xb3a00000)
  region size 1024K, 2 young (2048K), 2 survivors (2048K)
 Metaspace       used 14244K, capacity 14517K, committed 14616K, reserved 14640K
}
Event: 43.007 GC heap before
{Heap before GC invocations=103 (full 0):
 garbage-first heap   total 209920K, used 207121K [0x73a00000, 0xb3a00000)
  region size 1024K, 10 young (10240K), 2 survivors (2048K)
 Metaspace       used 14538K, capacity 14775K, committed 14872K, reserved 15664K
}
Event: 43.018 GC heap after
{Heap after GC invocations=104 (full 0):
 garbage-first heap   total 210944K, used 199273K [0x73a00000, 0xb3a00000)
  region size 1024K, 1 young (1024K), 1 survivors (1024K)
 Metaspace       used 14538K, capacity 14775K, committed 14872K, reserved 15664K
}
Event: 145.766 GC heap before
{Heap before GC invocations=105 (full 0):
 garbage-first heap   total 210944K, used 206441K [0x73a00000, 0xb3a00000)
  region size 1024K, 10 young (10240K), 1 survivors (1024K)
 Metaspace       used 14754K, capacity 15001K, committed 15128K, reserved 15664K
}
Event: 145.768 GC heap after
{Heap after GC invocations=106 (full 0):
 garbage-first heap   total 210944K, used 197114K [0x73a00000, 0xb3a00000)
  region size 1024K, 1 young (1024K), 1 survivors (1024K)
 Metaspace       used 14754K, capacity 15001K, committed 15128K, reserved 15664K
}

