# JRE version: OpenJDK Runtime Environment (11.0.15+10) (build 11.0.15+10-post-Raspbian-1deb11u1)
# Java VM: OpenJDK Server VM (11.0.15+10-post-Raspbian-1deb11u1, mixed mode, g1 gc, linux-)
Heap:
 garbage-first heap   total 210944K, used 109337K [0x73a00000, 0xb3a00000)
  region size 1024K, 9 young (9216K), 1 survivors (1024K)
 Metaspace       used 14378K, capacity 14540K, committed 15128K, reserved 15664K
GC Heap History (20 events):
Event: 2881.437 GC heap before
{Heap before GC invocations=108 (full 0):
 garbage-first heap   total 210944K, used 111326K [0x73a00000, 0xb3a00000)
  region size 1024K, 10 young (10240K), 1 survivors (1024K)
 Metaspace       used 14136K, capacity 14297K, committed 14872K, reserved 15664K
}
Event: 2881.451 GC heap after
{Heap after GC invocations=109 (full 0):
 garbage-first heap   total 210944K, used 102085K [0x73a00000, 0xb3a00000)
  region size 1024K, 1 young (1024K), 1 survivors (1024K)
 Metaspace       used 14136K, capacity 14297K, committed 14872K, reserved 15664K
}
Event: 5739.437 GC heap before
{Heap before GC invocations=109 (full 0):
 garbage-first heap   total 210944K, used 139973K [0x73a00000, 0xb3a00000)
  region size 1024K, 38 young (38912K), 1 survivors (1024K)
 Metaspace       used 14140K, capacity 14297K, committed 14872K, reserved 15664K
}
Event: 5739.441 GC heap after
{Heap after GC invocations=110 (full 0):
 garbage-first heap   total 210944K, used 102144K [0x73a00000, 0xb3a00000)
  region size 1024K, 1 young (1024K), 1 survivors (1024K)
 Metaspace       used 14140K, capacity 14297K, committed 14872K, reserved 15664K
}
Event: 8801.436 GC heap before
{Heap before GC invocations=111 (full 0):
 garbage-first heap   total 210944K, used 142080K [0x73a00000, 0xb3a00000)
  region size 1024K, 40 young (40960K), 1 survivors (1024K)
 Metaspace       used 14142K, capacity 14297K, committed 14872K, reserved 15664K
}
Event: 8801.447 GC heap after
{Heap after GC invocations=112 (full 0):
 garbage-first heap   total 210944K, used 102126K [0x73a00000, 0xb3a00000)
  region size 1024K, 1 young (1024K), 1 survivors (1024K)
 Metaspace       used 14142K, capacity 14297K, committed 14872K, reserved 15664K
}
Event: 12108.437 GC heap before
{Heap before GC invocations=112 (full 0):
 garbage-first heap   total 210944K, used 145134K [0x73a00000, 0xb3a00000)
  region size 1024K, 43 young (44032K), 1 survivors (1024K)
 Metaspace       used 14142K, capacity 14297K, committed 14872K, reserved 15664K
}
Event: 12108.444 GC heap after
{Heap after GC invocations=113 (full 0):
 garbage-first heap   total 210944K, used 102132K [0x73a00000, 0xb3a00000)
  region size 1024K, 1 young (1024K), 1 survivors (1024K)
 Metaspace       used 14142K, capacity 14297K, committed 14872K, reserved 15664K
}
Event: 15656.439 GC heap before
{Heap before GC invocations=114 (full 0):
 garbage-first heap   total 210944K, used 149236K [0x73a00000, 0xb3a00000)
  region size 1024K, 47 young (48128K), 1 survivors (1024K)
 Metaspace       used 14149K, capacity 14297K, committed 14872K, reserved 15664K
}
Event: 15656.448 GC heap after
{Heap after GC invocations=115 (full 0):
 garbage-first heap   total 210944K, used 102179K [0x73a00000, 0xb3a00000)
  region size 1024K, 1 young (1024K), 1 survivors (1024K)
 Metaspace       used 14149K, capacity 14297K, committed 14872K, reserved 15664K
}
Event: 19635.437 GC heap before
{Heap before GC invocations=115 (full 0):
 garbage-first heap   total 210944K, used 153379K [0x73a00000, 0xb3a00000)
  region size 1024K, 51 young (52224K), 1 survivors (1024K)
 Metaspace       used 14150K, capacity 14297K, committed 14872K, reserved 15664K
}
Event: 19635.444 GC heap after
{Heap after GC invocations=116 (full 0):
 garbage-first heap   total 210944K, used 102175K [0x73a00000, 0xb3a00000)
  region size 1024K, 1 young (1024K), 1 survivors (1024K)
 Metaspace       used 14150K, capacity 14297K, committed 14872K, reserved 15664K
}
Event: 23945.437 GC heap before
{Heap before GC invocations=117 (full 0):
 garbage-first heap   total 210944K, used 157471K [0x73a00000, 0xb3a00000)
  region size 1024K, 55 young (56320K), 1 survivors (1024K)
 Metaspace       used 14150K, capacity 14297K, committed 14872K, reserved 15664K
}
Event: 23945.444 GC heap after
{Heap after GC invocations=118 (full 0):
 garbage-first heap   total 210944K, used 102210K [0x73a00000, 0xb3a00000)
  region size 1024K, 1 young (1024K), 1 survivors (1024K)
 Metaspace       used 14150K, capacity 14297K, committed 14872K, reserved 15664K
}
Event: 28586.437 GC heap before
{Heap before GC invocations=118 (full 0):
 garbage-first heap   total 210944K, used 161602K [0x73a00000, 0xb3a00000)
  region size 1024K, 59 young (60416K), 1 survivors (1024K)
 Metaspace       used 14151K, capacity 14297K, committed 14872K, reserved 15664K
}
Event: 28586.449 GC heap after
{Heap after GC invocations=119 (full 0):
 garbage-first heap   total 210944K, used 102168K [0x73a00000, 0xb3a00000)
  region size 1024K, 1 young (1024K), 1 survivors (1024K)
 Metaspace       used 14151K, capacity 14297K, committed 14872K, reserved 15664K
}
Event: 33382.437 GC heap before
{Heap before GC invocations=120 (full 0):
 garbage-first heap   total 210944K, used 164632K [0x73a00000, 0xb3a00000)
  region size 1024K, 62 young (63488K), 1 survivors (1024K)
 Metaspace       used 14153K, capacity 14297K, committed 14872K, reserved 15664K
}
Event: 33382.448 GC heap after
{Heap after GC invocations=121 (full 0):
 garbage-first heap   total 210944K, used 102166K [0x73a00000, 0xb3a00000)
  region size 1024K, 1 young (1024K), 1 survivors (1024K)
 Metaspace       used 14153K, capacity 14297K, committed 14872K, reserved 15664K
}
Event: 38345.436 GC heap before
{Heap before GC invocations=121 (full 0):
 garbage-first heap   total 210944K, used 166678K [0x73a00000, 0xb3a00000)
  region size 1024K, 64 young (65536K), 1 survivors (1024K)
 Metaspace       used 14173K, capacity 14321K, committed 14872K, reserved 15664K
}
Event: 38345.447 GC heap after
{Heap after GC invocations=122 (full 0):
 garbage-first heap   total 210944K, used 102169K [0x73a00000, 0xb3a00000)
  region size 1024K, 1 young (1024K), 1 survivors (1024K)
 Metaspace       used 14173K, capacity 14321K, committed 14872K, reserved 15664K
}

