# JRE version: OpenJDK Runtime Environment (11.0.15+10) (build 11.0.15+10-post-Raspbian-1deb11u1)
# Java VM: OpenJDK Server VM (11.0.15+10-post-Raspbian-1deb11u1, mixed mode, g1 gc, linux-)
Heap:
 garbage-first heap   total 210944K, used 206037K [0x73a00000, 0xb3a00000)
  region size 1024K, 9 young (9216K), 2 survivors (2048K)
 Metaspace       used 14846K, capacity 15102K, committed 15128K, reserved 15664K
GC Heap History (20 events):
Event: 8.578 GC heap before
{Heap before GC invocations=93 (full 0):
 garbage-first heap   total 206848K, used 204304K [0x73a00000, 0xb3a00000)
  region size 1024K, 10 young (10240K), 1 survivors (1024K)
 Metaspace       used 12132K, capacity 12324K, committed 12440K, reserved 12592K
}
Event: 8.580 GC heap after
{Heap after GC invocations=94 (full 0):
 garbage-first heap   total 206848K, used 195090K [0x73a00000, 0xb3a00000)
  region size 1024K, 1 young (1024K), 1 survivors (1024K)
 Metaspace       used 12132K, capacity 12324K, committed 12440K, reserved 12592K
}
Event: 8.628 GC heap before
{Heap before GC invocations=94 (full 0):
 garbage-first heap   total 206848K, used 204306K [0x73a00000, 0xb3a00000)
  region size 1024K, 10 young (10240K), 1 survivors (1024K)
 Metaspace       used 12132K, capacity 12324K, committed 12440K, reserved 12592K
}
Event: 8.630 GC heap after
{Heap after GC invocations=95 (full 0):
 garbage-first heap   total 206848K, used 195146K [0x73a00000, 0xb3a00000)
  region size 1024K, 1 young (1024K), 1 survivors (1024K)
 Metaspace       used 12132K, capacity 12324K, committed 12440K, reserved 12592K
}
Event: 8.683 GC heap before
{Heap before GC invocations=96 (full 0):
 garbage-first heap   total 206848K, used 204362K [0x73a00000, 0xb3a00000)
  region size 1024K, 10 young (10240K), 1 survivors (1024K)
 Metaspace       used 12132K, capacity 12324K, committed 12440K, reserved 12592K
}
Event: 8.684 GC heap after
{Heap after GC invocations=97 (full 0):
 garbage-first heap   total 206848K, used 195092K [0x73a00000, 0xb3a00000)
  region size 1024K, 1 young (1024K), 1 survivors (1024K)
 Metaspace       used 12132K, capacity 12324K, committed 12440K, reserved 12592K
}
Event: 8.733 GC heap before
{Heap before GC invocations=97 (full 0):
 garbage-first heap   total 206848K, used 204308K [0x73a00000, 0xb3a00000)
  region size 1024K, 10 young (10240K), 1 survivors (1024K)
 Metaspace       used 12132K, capacity 12324K, committed 12440K, reserved 12592K
}
Event: 8.739 GC heap after
{Heap after GC invocations=98 (full 0):
 garbage-first heap   total 206848K, used 195094K [0x73a00000, 0xb3a00000)
  region size 1024K, 1 young (1024K), 1 survivors (1024K)
 Metaspace       used 12132K, capacity 12324K, committed 12440K, reserved 12592K
}
Event: 8.793 GC heap before
{Heap before GC invocations=99 (full 0):
 garbage-first heap   total 206848K, used 204310K [0x73a00000, 0xb3a00000)
  region size 1024K, 10 young (10240K), 1 survivors (1024K)
 Metaspace       used 12132K, capacity 12324K, committed 12440K, reserved 12592K
}
Event: 8.794 GC heap after
{Heap after GC invocations=100 (full 0):
 garbage-first heap   total 206848K, used 195120K [0x73a00000, 0xb3a00000)
  region size 1024K, 1 young (1024K), 1 survivors (1024K)
 Metaspace       used 12132K, capacity 12324K, committed 12440K, reserved 12592K
}
Event: 8.843 GC heap before
{Heap before GC invocations=100 (full 0):
 garbage-first heap   total 206848K, used 204336K [0x73a00000, 0xb3a00000)
  region size 1024K, 10 young (10240K), 1 survivors (1024K)
 Metaspace       used 12132K, capacity 12324K, committed 12440K, reserved 12592K
}
Event: 8.845 GC heap after
{Heap after GC invocations=101 (full 0):
 garbage-first heap   total 206848K, used 195178K [0x73a00000, 0xb3a00000)
  region size 1024K, 1 young (1024K), 1 survivors (1024K)
 Metaspace       used 12132K, capacity 12324K, committed 12440K, reserved 12592K
}
Event: 8.898 GC heap before
{Heap before GC invocations=102 (full 0):
 garbage-first heap   total 206848K, used 204394K [0x73a00000, 0xb3a00000)
  region size 1024K, 10 young (10240K), 1 survivors (1024K)
 Metaspace       used 12132K, capacity 12324K, committed 12440K, reserved 12592K
}
Event: 8.899 GC heap after
{Heap after GC invocations=103 (full 0):
 garbage-first heap   total 207872K, used 195183K [0x73a00000, 0xb3a00000)
  region size 1024K, 1 young (1024K), 1 survivors (1024K)
 Metaspace       used 12132K, capacity 12324K, committed 12440K, reserved 12592K
}
Event: 10.208 GC heap before
{Heap before GC invocations=103 (full 0):
 garbage-first heap   total 207872K, used 204399K [0x73a00000, 0xb3a00000)
  region size 1024K, 10 young (10240K), 1 survivors (1024K)
 Metaspace       used 14040K, capacity 14296K, committed 14360K, reserved 14640K
}
Event: 10.215 GC heap after
{Heap after GC invocations=104 (full 0):
 garbage-first heap   total 207872K, used 196584K [0x73a00000, 0xb3a00000)
  region size 1024K, 2 young (2048K), 2 survivors (2048K)
 Metaspace       used 14040K, capacity 14296K, committed 14360K, reserved 14640K
}
Event: 10.858 GC heap before
{Heap before GC invocations=105 (full 0):
 garbage-first heap   total 207872K, used 204776K [0x73a00000, 0xb3a00000)
  region size 1024K, 10 young (10240K), 2 survivors (2048K)
 Metaspace       used 14111K, capacity 14360K, committed 14488K, reserved 14640K
}
Event: 10.868 GC heap after
{Heap after GC invocations=106 (full 0):
 garbage-first heap   total 208896K, used 198414K [0x73a00000, 0xb3a00000)
  region size 1024K, 2 young (2048K), 2 survivors (2048K)
 Metaspace       used 14111K, capacity 14360K, committed 14488K, reserved 14640K
}
Event: 12.968 GC heap before
{Heap before GC invocations=106 (full 0):
 garbage-first heap   total 208896K, used 206606K [0x73a00000, 0xb3a00000)
  region size 1024K, 10 young (10240K), 2 survivors (2048K)
 Metaspace       used 14434K, capacity 14682K, committed 14744K, reserved 15664K
}
Event: 12.984 GC heap after
{Heap after GC invocations=107 (full 0):
 garbage-first heap   total 210944K, used 199893K [0x73a00000, 0xb3a00000)
  region size 1024K, 2 young (2048K), 2 survivors (2048K)
 Metaspace       used 14434K, capacity 14682K, committed 14744K, reserved 15664K
}

