# JRE version: OpenJDK Runtime Environment (11.0.15+10) (build 11.0.15+10-post-Raspbian-1deb11u1)
# Java VM: OpenJDK Server VM (11.0.15+10-post-Raspbian-1deb11u1, mixed mode, g1 gc, linux-)
Heap:
 garbage-first heap   total 210944K, used 201969K [0x73a00000, 0xb3a00000)
  region size 1024K, 6 young (6144K), 1 survivors (1024K)
 Metaspace       used 14705K, capacity 14974K, committed 15000K, reserved 15664K
GC Heap History (20 events):
Event: 20.463 GC heap before
{Heap before GC invocations=75 (full 0):
 garbage-first heap   total 198656K, used 195016K [0x73a00000, 0xb3a00000)
  region size 1024K, 9 young (9216K), 1 survivors (1024K)
 Metaspace       used 11897K, capacity 12127K, committed 12184K, reserved 12592K
}
Event: 20.467 GC heap after
{Heap after GC invocations=76 (full 0):
 garbage-first heap   total 198656K, used 187852K [0x73a00000, 0xb3a00000)
  region size 1024K, 1 young (1024K), 1 survivors (1024K)
 Metaspace       used 11897K, capacity 12127K, committed 12184K, reserved 12592K
}
Event: 20.646 GC heap before
{Heap before GC invocations=77 (full 0):
 garbage-first heap   total 198656K, used 189900K [0x73a00000, 0xb3a00000)
  region size 1024K, 5 young (5120K), 1 survivors (1024K)
 Metaspace       used 11897K, capacity 12127K, committed 12184K, reserved 12592K
}
Event: 20.651 GC heap after
{Heap after GC invocations=78 (full 0):
 garbage-first heap   total 198656K, used 187810K [0x73a00000, 0xb3a00000)
  region size 1024K, 1 young (1024K), 1 survivors (1024K)
 Metaspace       used 11897K, capacity 12127K, committed 12184K, reserved 12592K
}
Event: 20.778 GC heap before
{Heap before GC invocations=79 (full 0):
 garbage-first heap   total 198656K, used 190882K [0x73a00000, 0xb3a00000)
  region size 1024K, 3 young (3072K), 1 survivors (1024K)
 Metaspace       used 11897K, capacity 12127K, committed 12184K, reserved 12592K
}
Event: 20.783 GC heap after
{Heap after GC invocations=80 (full 0):
 garbage-first heap   total 198656K, used 189982K [0x73a00000, 0xb3a00000)
  region size 1024K, 1 young (1024K), 1 survivors (1024K)
 Metaspace       used 11897K, capacity 12127K, committed 12184K, reserved 12592K
}
Event: 20.905 GC heap before
{Heap before GC invocations=81 (full 0):
 garbage-first heap   total 198656K, used 193054K [0x73a00000, 0xb3a00000)
  region size 1024K, 3 young (3072K), 1 survivors (1024K)
 Metaspace       used 11897K, capacity 12127K, committed 12184K, reserved 12592K
}
Event: 20.910 GC heap after
{Heap after GC invocations=82 (full 0):
 garbage-first heap   total 198656K, used 192144K [0x73a00000, 0xb3a00000)
  region size 1024K, 1 young (1024K), 1 survivors (1024K)
 Metaspace       used 11897K, capacity 12127K, committed 12184K, reserved 12592K
}
Event: 21.184 GC heap before
{Heap before GC invocations=83 (full 0):
 garbage-first heap   total 198656K, used 197264K [0x73a00000, 0xb3a00000)
  region size 1024K, 4 young (4096K), 1 survivors (1024K)
 Metaspace       used 11934K, capacity 12159K, committed 12184K, reserved 12592K
}
Event: 21.189 GC heap after
{Heap after GC invocations=84 (full 0):
 garbage-first heap   total 199680K, used 194556K [0x73a00000, 0xb3a00000)
  region size 1024K, 1 young (1024K), 1 survivors (1024K)
 Metaspace       used 11934K, capacity 12159K, committed 12184K, reserved 12592K
}
Event: 23.149 GC heap before
{Heap before GC invocations=84 (full 0):
 garbage-first heap   total 199680K, used 198652K [0x73a00000, 0xb3a00000)
  region size 1024K, 5 young (5120K), 1 survivors (1024K)
 Metaspace       used 13468K, capacity 13700K, committed 13720K, reserved 14640K
}
Event: 23.165 GC heap after
{Heap after GC invocations=85 (full 0):
 garbage-first heap   total 201728K, used 195047K [0x73a00000, 0xb3a00000)
  region size 1024K, 2 young (2048K), 2 survivors (2048K)
 Metaspace       used 13468K, capacity 13700K, committed 13720K, reserved 14640K
}
Event: 24.618 GC heap before
{Heap before GC invocations=86 (full 0):
 garbage-first heap   total 201728K, used 199143K [0x73a00000, 0xb3a00000)
  region size 1024K, 7 young (7168K), 2 survivors (2048K)
 Metaspace       used 13890K, capacity 14163K, committed 14232K, reserved 14640K
}
Event: 24.634 GC heap after
{Heap after GC invocations=87 (full 0):
 garbage-first heap   total 203776K, used 196072K [0x73a00000, 0xb3a00000)
  region size 1024K, 2 young (2048K), 2 survivors (2048K)
 Metaspace       used 13890K, capacity 14163K, committed 14232K, reserved 14640K
}
Event: 26.096 GC heap before
{Heap before GC invocations=87 (full 0):
 garbage-first heap   total 203776K, used 203240K [0x73a00000, 0xb3a00000)
  region size 1024K, 9 young (9216K), 2 survivors (2048K)
 Metaspace       used 13925K, capacity 14195K, committed 14232K, reserved 14640K
}
Event: 26.147 GC heap after
{Heap after GC invocations=88 (full 0):
 garbage-first heap   total 207872K, used 197641K [0x73a00000, 0xb3a00000)
  region size 1024K, 2 young (2048K), 2 survivors (2048K)
 Metaspace       used 13925K, capacity 14195K, committed 14232K, reserved 14640K
}
Event: 30.119 GC heap before
{Heap before GC invocations=89 (full 0):
 garbage-first heap   total 207872K, used 205833K [0x73a00000, 0xb3a00000)
  region size 1024K, 10 young (10240K), 2 survivors (2048K)
 Metaspace       used 14228K, capacity 14485K, committed 14616K, reserved 14640K
}
Event: 30.164 GC heap after
{Heap after GC invocations=90 (full 0):
 garbage-first heap   total 209920K, used 199314K [0x73a00000, 0xb3a00000)
  region size 1024K, 2 young (2048K), 2 survivors (2048K)
 Metaspace       used 14228K, capacity 14485K, committed 14616K, reserved 14640K
}
Event: 45.282 GC heap before
{Heap before GC invocations=90 (full 0):
 garbage-first heap   total 209920K, used 206482K [0x73a00000, 0xb3a00000)
  region size 1024K, 10 young (10240K), 2 survivors (2048K)
 Metaspace       used 14606K, capacity 14873K, committed 15000K, reserved 15664K
}
Event: 45.299 GC heap after
{Heap after GC invocations=91 (full 0):
 garbage-first heap   total 210944K, used 199921K [0x73a00000, 0xb3a00000)
  region size 1024K, 1 young (1024K), 1 survivors (1024K)
 Metaspace       used 14606K, capacity 14873K, committed 15000K, reserved 15664K
}

