# JRE version: OpenJDK Runtime Environment (11.0.15+10) (build 11.0.15+10-post-Raspbian-1deb11u1)
# Java VM: OpenJDK Server VM (11.0.15+10-post-Raspbian-1deb11u1, mixed mode, g1 gc, linux-)
Heap:
 garbage-first heap   total 208896K, used 203030K [0x73a00000, 0xb3a00000)
  region size 1024K, 8 young (8192K), 2 survivors (2048K)
 Metaspace       used 14692K, capacity 14947K, committed 15000K, reserved 15664K
GC Heap History (20 events):
Event: 8.266 GC heap before
{Heap before GC invocations=92 (full 0):
 garbage-first heap   total 202752K, used 201795K [0x73a00000, 0xb3a00000)
  region size 1024K, 9 young (9216K), 1 survivors (1024K)
 Metaspace       used 12132K, capacity 12324K, committed 12440K, reserved 12592K
}
Event: 8.269 GC heap after
{Heap after GC invocations=93 (full 0):
 garbage-first heap   total 204800K, used 193614K [0x73a00000, 0xb3a00000)
  region size 1024K, 1 young (1024K), 1 survivors (1024K)
 Metaspace       used 12132K, capacity 12324K, committed 12440K, reserved 12592K
}
Event: 8.325 GC heap before
{Heap before GC invocations=94 (full 0):
 garbage-first heap   total 204800K, used 202830K [0x73a00000, 0xb3a00000)
  region size 1024K, 10 young (10240K), 1 survivors (1024K)
 Metaspace       used 12132K, capacity 12324K, committed 12440K, reserved 12592K
}
Event: 8.327 GC heap after
{Heap after GC invocations=95 (full 0):
 garbage-first heap   total 204800K, used 193605K [0x73a00000, 0xb3a00000)
  region size 1024K, 1 young (1024K), 1 survivors (1024K)
 Metaspace       used 12132K, capacity 12324K, committed 12440K, reserved 12592K
}
Event: 8.375 GC heap before
{Heap before GC invocations=95 (full 0):
 garbage-first heap   total 204800K, used 202821K [0x73a00000, 0xb3a00000)
  region size 1024K, 10 young (10240K), 1 survivors (1024K)
 Metaspace       used 12132K, capacity 12324K, committed 12440K, reserved 12592K
}
Event: 8.377 GC heap after
{Heap after GC invocations=96 (full 0):
 garbage-first heap   total 204800K, used 193601K [0x73a00000, 0xb3a00000)
  region size 1024K, 1 young (1024K), 1 survivors (1024K)
 Metaspace       used 12132K, capacity 12324K, committed 12440K, reserved 12592K
}
Event: 8.429 GC heap before
{Heap before GC invocations=97 (full 0):
 garbage-first heap   total 204800K, used 202817K [0x73a00000, 0xb3a00000)
  region size 1024K, 10 young (10240K), 1 survivors (1024K)
 Metaspace       used 12132K, capacity 12324K, committed 12440K, reserved 12592K
}
Event: 8.431 GC heap after
{Heap after GC invocations=98 (full 0):
 garbage-first heap   total 204800K, used 193600K [0x73a00000, 0xb3a00000)
  region size 1024K, 1 young (1024K), 1 survivors (1024K)
 Metaspace       used 12132K, capacity 12324K, committed 12440K, reserved 12592K
}
Event: 8.479 GC heap before
{Heap before GC invocations=98 (full 0):
 garbage-first heap   total 204800K, used 202816K [0x73a00000, 0xb3a00000)
  region size 1024K, 10 young (10240K), 1 survivors (1024K)
 Metaspace       used 12132K, capacity 12324K, committed 12440K, reserved 12592K
}
Event: 8.482 GC heap after
{Heap after GC invocations=99 (full 0):
 garbage-first heap   total 204800K, used 193602K [0x73a00000, 0xb3a00000)
  region size 1024K, 1 young (1024K), 1 survivors (1024K)
 Metaspace       used 12132K, capacity 12324K, committed 12440K, reserved 12592K
}
Event: 8.534 GC heap before
{Heap before GC invocations=100 (full 0):
 garbage-first heap   total 204800K, used 202818K [0x73a00000, 0xb3a00000)
  region size 1024K, 10 young (10240K), 1 survivors (1024K)
 Metaspace       used 12132K, capacity 12324K, committed 12440K, reserved 12592K
}
Event: 8.536 GC heap after
{Heap after GC invocations=101 (full 0):
 garbage-first heap   total 204800K, used 193601K [0x73a00000, 0xb3a00000)
  region size 1024K, 1 young (1024K), 1 survivors (1024K)
 Metaspace       used 12132K, capacity 12324K, committed 12440K, reserved 12592K
}
Event: 8.585 GC heap before
{Heap before GC invocations=101 (full 0):
 garbage-first heap   total 204800K, used 202817K [0x73a00000, 0xb3a00000)
  region size 1024K, 10 young (10240K), 1 survivors (1024K)
 Metaspace       used 12132K, capacity 12324K, committed 12440K, reserved 12592K
}
Event: 8.587 GC heap after
{Heap after GC invocations=102 (full 0):
 garbage-first heap   total 204800K, used 193601K [0x73a00000, 0xb3a00000)
  region size 1024K, 1 young (1024K), 1 survivors (1024K)
 Metaspace       used 12132K, capacity 12324K, committed 12440K, reserved 12592K
}
Event: 9.617 GC heap before
{Heap before GC invocations=103 (full 0):
 garbage-first heap   total 204800K, used 202817K [0x73a00000, 0xb3a00000)
  region size 1024K, 10 young (10240K), 1 survivors (1024K)
 Metaspace       used 13861K, capacity 14136K, committed 14232K, reserved 14640K
}
Event: 9.630 GC heap after
{Heap after GC invocations=104 (full 0):
 garbage-first heap   total 206848K, used 194549K [0x73a00000, 0xb3a00000)
  region size 1024K, 2 young (2048K), 2 survivors (2048K)
 Metaspace       used 13861K, capacity 14136K, committed 14232K, reserved 14640K
}
Event: 10.413 GC heap before
{Heap before GC invocations=104 (full 0):
 garbage-first heap   total 206848K, used 202741K [0x73a00000, 0xb3a00000)
  region size 1024K, 10 young (10240K), 2 survivors (2048K)
 Metaspace       used 14110K, capacity 14360K, committed 14488K, reserved 14640K
}
Event: 10.427 GC heap after
{Heap after GC invocations=105 (full 0):
 garbage-first heap   total 206848K, used 196439K [0x73a00000, 0xb3a00000)
  region size 1024K, 2 young (2048K), 2 survivors (2048K)
 Metaspace       used 14110K, capacity 14360K, committed 14488K, reserved 14640K
}
Event: 11.663 GC heap before
{Heap before GC invocations=106 (full 0):
 garbage-first heap   total 206848K, used 204631K [0x73a00000, 0xb3a00000)
  region size 1024K, 10 young (10240K), 2 survivors (2048K)
 Metaspace       used 14399K, capacity 14650K, committed 14744K, reserved 15664K
}
Event: 11.677 GC heap after
{Heap after GC invocations=107 (full 0):
 garbage-first heap   total 208896K, used 197910K [0x73a00000, 0xb3a00000)
  region size 1024K, 2 young (2048K), 2 survivors (2048K)
 Metaspace       used 14399K, capacity 14650K, committed 14744K, reserved 15664K
}

