# JRE version: OpenJDK Runtime Environment (11.0.15+10) (build 11.0.15+10-post-Raspbian-1deb11u1)
# Java VM: OpenJDK Server VM (11.0.15+10-post-Raspbian-1deb11u1, mixed mode, g1 gc, linux-)
Heap:
 garbage-first heap   total 209920K, used 204885K [0x73a00000, 0xb3a00000)
  region size 1024K, 10 young (10240K), 2 survivors (2048K)
 Metaspace       used 14642K, capacity 14877K, committed 15000K, reserved 15664K
GC Heap History (20 events):
Event: 7.857 GC heap before
{Heap before GC invocations=69 (full 0):
 garbage-first heap   total 197632K, used 195031K [0x73a00000, 0xb3a00000)
  region size 1024K, 9 young (9216K), 1 survivors (1024K)
 Metaspace       used 11901K, capacity 12127K, committed 12184K, reserved 12592K
}
Event: 7.860 GC heap after
{Heap after GC invocations=70 (full 0):
 garbage-first heap   total 197632K, used 187826K [0x73a00000, 0xb3a00000)
  region size 1024K, 1 young (1024K), 1 survivors (1024K)
 Metaspace       used 11901K, capacity 12127K, committed 12184K, reserved 12592K
}
Event: 7.901 GC heap before
{Heap before GC invocations=70 (full 0):
 garbage-first heap   total 197632K, used 188850K [0x73a00000, 0xb3a00000)
  region size 1024K, 4 young (4096K), 1 survivors (1024K)
 Metaspace       used 11902K, capacity 12127K, committed 12184K, reserved 12592K
}
Event: 7.905 GC heap after
{Heap after GC invocations=71 (full 0):
 garbage-first heap   total 197632K, used 187845K [0x73a00000, 0xb3a00000)
  region size 1024K, 1 young (1024K), 1 survivors (1024K)
 Metaspace       used 11902K, capacity 12127K, committed 12184K, reserved 12592K
}
Event: 7.951 GC heap before
{Heap before GC invocations=72 (full 0):
 garbage-first heap   total 197632K, used 190917K [0x73a00000, 0xb3a00000)
  region size 1024K, 3 young (3072K), 1 survivors (1024K)
 Metaspace       used 11902K, capacity 12127K, committed 12184K, reserved 12592K
}
Event: 7.955 GC heap after
{Heap after GC invocations=73 (full 0):
 garbage-first heap   total 197632K, used 190005K [0x73a00000, 0xb3a00000)
  region size 1024K, 1 young (1024K), 1 survivors (1024K)
 Metaspace       used 11902K, capacity 12127K, committed 12184K, reserved 12592K
}
Event: 8.000 GC heap before
{Heap before GC invocations=74 (full 0):
 garbage-first heap   total 197632K, used 193077K [0x73a00000, 0xb3a00000)
  region size 1024K, 3 young (3072K), 1 survivors (1024K)
 Metaspace       used 11902K, capacity 12127K, committed 12184K, reserved 12592K
}
Event: 8.007 GC heap after
{Heap after GC invocations=75 (full 0):
 garbage-first heap   total 197632K, used 192141K [0x73a00000, 0xb3a00000)
  region size 1024K, 2 young (2048K), 2 survivors (2048K)
 Metaspace       used 11902K, capacity 12127K, committed 12184K, reserved 12592K
}
Event: 8.067 GC heap before
{Heap before GC invocations=76 (full 0):
 garbage-first heap   total 197632K, used 195213K [0x73a00000, 0xb3a00000)
  region size 1024K, 4 young (4096K), 2 survivors (2048K)
 Metaspace       used 11919K, capacity 12127K, committed 12184K, reserved 12592K
}
Event: 8.074 GC heap after
{Heap after GC invocations=77 (full 0):
 garbage-first heap   total 199680K, used 194331K [0x73a00000, 0xb3a00000)
  region size 1024K, 1 young (1024K), 1 survivors (1024K)
 Metaspace       used 11919K, capacity 12127K, committed 12184K, reserved 12592K
}
Event: 8.293 GC heap before
{Heap before GC invocations=77 (full 0):
 garbage-first heap   total 199680K, used 198427K [0x73a00000, 0xb3a00000)
  region size 1024K, 5 young (5120K), 1 survivors (1024K)
 Metaspace       used 11973K, capacity 12159K, committed 12184K, reserved 12592K
}
Event: 8.296 GC heap after
{Heap after GC invocations=78 (full 0):
 garbage-first heap   total 200704K, used 194614K [0x73a00000, 0xb3a00000)
  region size 1024K, 1 young (1024K), 1 survivors (1024K)
 Metaspace       used 11973K, capacity 12159K, committed 12184K, reserved 12592K
}
Event: 8.361 GC heap before
{Heap before GC invocations=79 (full 0):
 garbage-first heap   total 200704K, used 199734K [0x73a00000, 0xb3a00000)
  region size 1024K, 6 young (6144K), 1 survivors (1024K)
 Metaspace       used 11973K, capacity 12159K, committed 12184K, reserved 12592K
}
Event: 8.363 GC heap after
{Heap after GC invocations=80 (full 0):
 garbage-first heap   total 201728K, used 194599K [0x73a00000, 0xb3a00000)
  region size 1024K, 1 young (1024K), 1 survivors (1024K)
 Metaspace       used 11973K, capacity 12159K, committed 12184K, reserved 12592K
}
Event: 9.414 GC heap before
{Heap before GC invocations=80 (full 0):
 garbage-first heap   total 201728K, used 200743K [0x73a00000, 0xb3a00000)
  region size 1024K, 7 young (7168K), 1 survivors (1024K)
 Metaspace       used 13634K, capacity 13907K, committed 13976K, reserved 14640K
}
Event: 9.431 GC heap after
{Heap after GC invocations=81 (full 0):
 garbage-first heap   total 203776K, used 195656K [0x73a00000, 0xb3a00000)
  region size 1024K, 2 young (2048K), 2 survivors (2048K)
 Metaspace       used 13634K, capacity 13907K, committed 13976K, reserved 14640K
}
Event: 10.168 GC heap before
{Heap before GC invocations=82 (full 0):
 garbage-first heap   total 203776K, used 202824K [0x73a00000, 0xb3a00000)
  region size 1024K, 9 young (9216K), 2 survivors (2048K)
 Metaspace       used 13941K, capacity 14195K, committed 14232K, reserved 14640K
}
Event: 10.186 GC heap after
{Heap after GC invocations=83 (full 0):
 garbage-first heap   total 207872K, used 197059K [0x73a00000, 0xb3a00000)
  region size 1024K, 2 young (2048K), 2 survivors (2048K)
 Metaspace       used 13941K, capacity 14195K, committed 14232K, reserved 14640K
}
Event: 10.703 GC heap before
{Heap before GC invocations=83 (full 0):
 garbage-first heap   total 207872K, used 205251K [0x73a00000, 0xb3a00000)
  region size 1024K, 10 young (10240K), 2 survivors (2048K)
 Metaspace       used 13962K, capacity 14227K, committed 14232K, reserved 14640K
}
Event: 10.734 GC heap after
{Heap after GC invocations=84 (full 0):
 garbage-first heap   total 209920K, used 198741K [0x73a00000, 0xb3a00000)
  region size 1024K, 2 young (2048K), 2 survivors (2048K)
 Metaspace       used 13962K, capacity 14227K, committed 14232K, reserved 14640K
}

